Arguments: 
  /usr/local/bin/node /usr/local/Cellar/yarn/1.22.4/libexec/bin/yarn.js run example:build

PATH: 
  /opt/local/bin:/opt/local/sbin:/Users/sagarmahapatra/installs/smile/bin:/Users/sagarmahapatra/installs/mongodb-macos-x86_64-4.2.2/bin:/usr/local/mysql/bin:/Users/sagarmahapatra/Library/Python/2.7/bin:/usr/local/bin/yarn:/opt/local/bin:/opt/local/sbin:/Users/sagarmahapatra/installs/smile/bin:/Users/sagarmahapatra/installs/mongodb-macos-x86_64-4.2.2/bin:/usr/local/mysql/bin:/Users/sagarmahapatra/Library/Python/2.7/bin:/usr/local/Cellar/yarn/1.7.0/bin:/usr/local/bin:/usr/bin:/bin:/usr/sbin:/sbin

Yarn version: 
  1.22.4

Node version: 
  12.13.1

Platform: 
  darwin x64

Trace: 
  SyntaxError: /Users/sagarmahapatra/personal/website/sunshine/package.json: Unexpected token / in JSON at position 696
      at JSON.parse (<anonymous>)
      at /usr/local/Cellar/yarn/1.22.4/libexec/lib/cli.js:1625:59
      at Generator.next (<anonymous>)
      at step (/usr/local/Cellar/yarn/1.22.4/libexec/lib/cli.js:310:30)
      at /usr/local/Cellar/yarn/1.22.4/libexec/lib/cli.js:321:13

npm manifest: 
  {
    "name": "Sunshine",
    "version": "0.1.0",
    "description": "Sunshine",
    "main": "index.js",
    "files": [
      "index.js",
      "enhanceApp.js",
      "styles",
      "layouts",
      "global-components",
      "fonts",
      "components",
      "assets"
    ],
    "keywords": [
      "vuepress",
      "vuepress-theme",
      "vuepress-blog",
      "vuepress",
      "vue",
      "vuepress-theme-blog",
      "vuepress-theme-medium"
    ],
    "scripts": {
      "lint": "disable",
      "docs:dev": "vuepress dev docs",
      "docs:build": "vuepress build docs",
      "example:dev": "vuepress dev example --temp example/.temp",
      "example:build": "vuepress build example",
      "postbuild": "mv example/.vuepress/dist public",
      // "prepublishOnly": "npm run example:build && conventional-changelog -p angular -r 2 -i CHANGELOG.md -s"
    },
    "repository": {
      "url": "sagarmahapatra1/sunshine",
      "type": "git"
    },
    "author": {
      "email": "pallavi.bl@gmail.com",
      "name": "Pallavi BL",
      "url": "https://pallavibl.com"
    },
    "license": "MIT",
    "dependencies": {
      "@vuepress/plugin-blog": "^1.2.5",
      "@vuepress/plugin-google-analytics": "^1.1.0",
      "@vuepress/plugin-medium-zoom": "1.0.0",
      "@vuepress/plugin-nprogress": "1.0.0",
      "@vuepress/plugin-pwa": "1.0.0",
      "@vuepress/plugin-search": "1.0.0",
      "@vuepress/theme-blog": "^1.2.5",
      "bootstrap": "^4.3.1",
      "element-ui": "^2.13.0",
      "remove-markdown": "^0.3.0",
      "vue-feather-icons": "^4.21.0",
      "vue-themify-icons": "^1.0.0",
      "vuepress-plugin-disqus": "^0.1.1",
      "vuepress-plugin-reading-progress": "^1.0.7",
      "vuepress-plugin-reading-time": "^0.1.1",
      "vuepress-plugin-seo": "^0.1.2",
      "vuepress-plugin-sitemap": "^2.1.2",
      "vuepress-plugin-smooth-scroll": "^0.0.4",
      "vuepress-theme-vuetify": "^1.0.0"
    },
    "devDependencies": {
      "conventional-changelog-cli": "^2.0.1",
      "eslint-config-sherry": "0.0.1",
      "vuepress": "^1.0.0"
    },
    "publishConfig": {
      "registry": "https://registry.npmjs.org/"
    }
  }

yarn manifest: 
  No manifest

Lockfile: 
  No lockfile
